{"content": {"suites": {"0": {"status": {"total_pass": 3, "total_skip": 3, "total_xpass": 0, "total_xfail": 0, "total_rerun": 0, "total_fail": 3, "total_error": 0}, "tests": {"0": {"status": "SKIP", "message": "('C:\\\\Users\\\\AgnesYeboaaAnsah\\\\Documents\\\\Python_Selenium_Automation\\\\First_Automation_Tutorial\\\\e_commerce\\\\test_saucedemo.py', 204, 'Skipped: this is not fully developed yet.')\n", "test_name": "test_run[chrome]", "rerun": "0"}, "1": {"status": "SKIP", "message": "('C:\\\\Users\\\\AgnesYeboaaAnsah\\\\Documents\\\\Python_Selenium_Automation\\\\First_Automation_Tutorial\\\\e_commerce\\\\test_saucedemo.py', 204, 'Skipped: this is not fully developed yet.')\n", "test_name": "test_run[firefox]", "rerun": "0"}, "2": {"status": "SKIP", "message": "('C:\\\\Users\\\\AgnesYeboaaAnsah\\\\Documents\\\\Python_Selenium_Automation\\\\First_Automation_Tutorial\\\\e_commerce\\\\test_saucedemo.py', 204, 'Skipped: this is not fully developed yet.')\n", "test_name": "test_run[edge]", "rerun": "0"}, "3": {"status": "PASS", "message": "", "test_name": "test_run1[chrome]", "rerun": "0"}, "4": {"status": "PASS", "message": "", "test_name": "test_run1[firefox]", "rerun": "0"}, "5": {"status": "PASS", "message": "", "test_name": "test_run1[edge]", "rerun": "0"}, "6": {"status": "FAIL", "message": "   selenium.common.exceptions.NoSuchElementException: Message: no such element: Unable to locate element: {\"method\":\"css selector\",\"selector\":\"[id=\"add-to-cart-sauce-labs-backpack\"]\"}\n     (Session info: chrome=134.0.6998.118); For documentation on this error, please visit: https://www.selenium.dev/documentation/webdriver/troubleshooting/errors#no-such-element-exception\n   Stacktrace:\n   \tGetHandleVerifier [0x00007FF7B664FE65+26629]\n   \t(No symbol) [0x00007FF7B65B6030]\n   \t(No symbol) [0x00007FF7B644931A]\n   \t(No symbol) [0x00007FF7B649F8E7]\n   \t(No symbol) [0x00007FF7B649FB1C]\n   \t(No symbol) [0x00007FF7B64F34A7]\n   \t(No symbol) [0x00007FF7B64C7AEF]\n   \t(No symbol) [0x00007FF7B64F0169]\n   \t(No symbol) [0x00007FF7B64C7883]\n   \t(No symbol) [0x00007FF7B6490550]\n   \t(No symbol) [0x00007FF7B6491803]\n   \tGetHandleVerifier [0x00007FF7B69A72DD+3529853]\n   \tGetHandleVerifier [0x00007FF7B69BDA42+3621858]\n   \tGetHandleVerifier [0x00007FF7B69B24F3+3575443]\n   \tGetHandleVerifier [0x00007FF7B671B79A+860474]\n   \t(No symbol) [0x00007FF7B65C08AF]\n   \t(No symbol) [0x00007FF7B65BCBE4]\n   \t(No symbol) [0x00007FF7B65BCD86]\n   \t(No symbol) [0x00007FF7B65AC2E9]\n   \tBaseThreadInitThunk [0x00007FFF14765550+16]\n   \tRtlUserThreadStart [0x00007FFF15D4485B+43]\n", "test_name": "test_run2[chrome]", "rerun": "0"}, "7": {"status": "FAIL", "message": "   selenium.common.exceptions.NoSuchElementException: Message: Unable to locate element: [id=\"add-to-cart-sauce-labs-backpack\"]; For documentation on this error, please visit: https://www.selenium.dev/documentation/webdriver/troubleshooting/errors#no-such-element-exception\n   Stacktrace:\n   RemoteError@chrome://remote/content/shared/RemoteError.sys.mjs:8:8\n   WebDriverError@chrome://remote/content/shared/webdriver/Errors.sys.mjs:197:5\n   NoSuchElementError@chrome://remote/content/shared/webdriver/Errors.sys.mjs:527:5\n   dom.find/</<@chrome://remote/content/shared/DOM.sys.mjs:136:16\n", "test_name": "test_run2[firefox]", "rerun": "0"}, "8": {"status": "FAIL", "message": "   selenium.common.exceptions.NoSuchElementException: Message: no such element: Unable to locate element: {\"method\":\"css selector\",\"selector\":\"[id=\"add-to-cart-sauce-labs-backpack\"]\"}\n     (Session info: MicrosoftEdge=134.0.3124.72); For documentation on this error, please visit: https://www.selenium.dev/documentation/webdriver/troubleshooting/errors#no-such-element-exception\n   Stacktrace:\n   \tGetHandleVerifier [0x00007FF7D6F8A785+20677]\n   \tsimdutf::get_active_implementation [0x00007FF7D6EE6F30+492592]\n   \tMicrosoft::Applications::Events::EventProperty::to_string [0x00007FF7D71DDC3A+1807418]\n   \t(No symbol) [0x00007FF7D6D272AC]\n   \t(No symbol) [0x00007FF7D6D2758B]\n   \t(No symbol) [0x00007FF7D6D685A7]\n   \t(No symbol) [0x00007FF7D6D4849F]\n   \t(No symbol) [0x00007FF7D6D1D6ED]\n   \t(No symbol) [0x00007FF7D6D65D61]\n   \t(No symbol) [0x00007FF7D6D481C3]\n   \t(No symbol) [0x00007FF7D6D1CC36]\n   \t(No symbol) [0x00007FF7D6D1C0C4]\n   \t(No symbol) [0x00007FF7D6D1CA63]\n   \t(No symbol) [0x00007FF7D6E058DD]\n   \t(No symbol) [0x00007FF7D6E11D42]\n   \t(No symbol) [0x00007FF7D6E0A703]\n   \tMicrosoft::Applications::Events::EventProperty::to_string [0x00007FF7D706478A+262026]\n   \tsimdutf::get_active_implementation [0x00007FF7D6EF4661+547681]\n   \tsimdutf::get_active_implementation [0x00007FF7D6EED914+519700]\n   \tsimdutf::get_active_implementation [0x00007FF7D6EEDA59+520025]\n   \tsimdutf::get_active_implementation [0x00007FF7D6EDF606+461574]\n   \tBaseThreadInitThunk [0x00007FFF14765550+16]\n   \tRtlUserThreadStart [0x00007FFF15D4485B+43]\n", "test_name": "test_run2[edge]", "rerun": "0"}}, "suite_name": "e_commerce/test_saucedemo.py"}}}, "date": "March 21, 2025", "start_time": 1742566683.2800126, "total_suite": 1, "status": "FAIL", "status_list": {"pass": "3", "fail": "3", "skip": "3", "error": "0", "xpass": "0", "xfail": "0", "rerun": "0"}, "total_tests": "9"}